<?xml version="1.0" encoding="UTF-8"?>
<!-- Generated by org.testng.reporters.JUnitXMLReporter -->
<testsuite ignored="7" hostname="DESKTOP-22D1LE7" failures="0" tests="1" name="Default test" time="17.341" errors="0" timestamp="2025-06-30T15:46:39 IST">
  <testcase classname="com.tech_connect.webinars_page_test.UpdateWebinarDetailsTest" name="deleteSpeaker" time="13.055"/>
  <testcase classname="com.tech_connect.webinars_page_test.UpdateWebinarDetailsTest" name="updateWebinarDetails" time="0.0">
    <ignored/>
  </testcase> <!-- updateWebinarDetails -->
  <testcase classname="com.tech_connect.webinars_page_test.UpdateWebinarDetailsTest" name="verifyWebinarSession" time="0.0">
    <ignored/>
  </testcase> <!-- verifyWebinarSession -->
  <testcase classname="com.tech_connect.webinars_page_test.UpdateWebinarDetailsTest" name="updateWebinarSession" time="0.0">
    <ignored/>
  </testcase> <!-- updateWebinarSession -->
  <testcase classname="com.tech_connect.webinars_page_test.UpdateWebinarDetailsTest" name="updateSpeakerDetails" time="0.0">
    <ignored/>
  </testcase> <!-- updateSpeakerDetails -->
  <testcase classname="com.tech_connect.webinars_page_test.UpdateWebinarDetailsTest" name="deleteWebinarSession" time="0.0">
    <ignored/>
  </testcase> <!-- deleteWebinarSession -->
  <testcase classname="com.tech_connect.webinars_page_test.UpdateWebinarDetailsTest" name="addNewSpeakerForWebinar" time="0.0">
    <ignored/>
  </testcase> <!-- addNewSpeakerForWebinar -->
  <testcase classname="com.tech_connect.webinars_page_test.UpdateWebinarDetailsTest" name="addExistingSpeaker" time="0.0">
    <ignored/>
  </testcase> <!-- addExistingSpeaker -->
</testsuite> <!-- Default test -->
