<?xml version="1.0" encoding="UTF-8"?>
<testng-results ignored="0" total="1" passed="1" failed="0" skipped="0">
  <reporter-output>
  </reporter-output>
  <suite started-at="2025-04-21T15:30:05 IST" name="Default suite" finished-at="2025-04-21T15:30:12 IST" duration-ms="6679">
    <groups>
    </groups>
    <test started-at="2025-04-21T15:30:05 IST" name="Default test" finished-at="2025-04-21T15:30:12 IST" duration-ms="6679">
      <class name="com.tech_connet.tests.DashboardValidation">
        <test-method is-config="true" signature="preCondition()[pri:0, instance:com.tech_connet.tests.DashboardValidation@7cc0cdad]" started-at="2025-04-21T15:30:05 IST" name="preCondition" finished-at="2025-04-21T15:30:12 IST" duration-ms="6651" status="PASS">
          <reporter-output>
          </reporter-output>
        </test-method> <!-- preCondition -->
        <test-method signature="dashboardValidation()[pri:0, instance:com.tech_connet.tests.DashboardValidation@7cc0cdad]" started-at="2025-04-21T15:30:12 IST" name="dashboardValidation" finished-at="2025-04-21T15:30:12 IST" duration-ms="5" status="PASS">
          <reporter-output>
          </reporter-output>
        </test-method> <!-- dashboardValidation -->
      </class> <!-- com.tech_connet.tests.DashboardValidation -->
    </test> <!-- Default test -->
  </suite> <!-- Default suite -->
</testng-results>
