<?xml version="1.0" encoding="UTF-8"?>
<testng-results ignored="7" total="8" passed="1" failed="0" skipped="0">
  <reporter-output>
    <line>
      <![CDATA[TEST PASSED: Speaker deleted successfully]]>
    </line>
  </reporter-output>
  <suite started-at="2025-06-30T15:40:19 IST" name="Default suite" finished-at="2025-06-30T15:40:37 IST" duration-ms="17977">
    <groups>
    </groups>
    <test started-at="2025-06-30T15:40:19 IST" name="Default test" finished-at="2025-06-30T15:40:37 IST" duration-ms="17977">
      <class name="com.tech_connect.webinars_page_test.UpdateWebinarDetailsTest">
        <test-method is-config="true" signature="preCondition()[pri:0, instance:com.tech_connect.webinars_page_test.UpdateWebinarDetailsTest@77888435]" started-at="2025-06-30T15:40:19 IST" name="preCondition" finished-at="2025-06-30T15:40:25 IST" duration-ms="5353" status="PASS">
          <reporter-output>
          </reporter-output>
        </test-method> <!-- preCondition -->
        <test-method signature="deleteSpeaker()[pri:0, instance:com.tech_connect.webinars_page_test.UpdateWebinarDetailsTest@77888435]" started-at="2025-06-30T15:40:25 IST" name="deleteSpeaker" finished-at="2025-06-30T15:40:37 IST" duration-ms="12593" status="PASS">
          <reporter-output>
            <line>
              <![CDATA[TEST PASSED: Speaker deleted successfully]]>
            </line>
          </reporter-output>
        </test-method> <!-- deleteSpeaker -->
      </class> <!-- com.tech_connect.webinars_page_test.UpdateWebinarDetailsTest -->
    </test> <!-- Default test -->
  </suite> <!-- Default suite -->
</testng-results>
